Arguments: 
  /Users/seabert/.nvm/versions/node/v16.20.2/bin/node /opt/homebrew/bin/yarn init

PATH: 
  /Users/seabert/.nvm/versions/node/v16.20.2/bin:/opt/homebrew/opt/node@12/bin:/opt/homebrew/bin:/usr/local/bin:/usr/bin:/bin:/usr/sbin:/sbin:/Users/seabert/Library/Android/sdk/emulator:/Users/seabert/Library/Android/sdk/tools:/Users/seabert/Library/Android/sdk/tools/bin:/Users/seabert/Library/Android/sdk/platform-tools:/Applications/MAMP/Library/bin

Yarn version: 
  1.22.10

Node version: 
  16.20.2

Platform: 
  darwin arm64

Trace: 
  Error: canceled
      at Interface.<anonymous> (/opt/homebrew/lib/node_modules/yarn/lib/cli.js:136216:13)
      at Interface.emit (node:events:513:28)
      at Interface._ttyWrite (node:readline:1085:16)
      at ReadStream.onkeypress (node:readline:291:10)
      at ReadStream.emit (node:events:513:28)
      at emitKeys (node:internal/readline/utils:357:14)
      at emitKeys.next (<anonymous>)
      at ReadStream.onData (node:internal/readline/emitKeypressEvents:61:36)
      at ReadStream.emit (node:events:513:28)
      at addChunk (node:internal/streams/readable:315:12)

npm manifest: 
  No manifest

yarn manifest: 
  No manifest

Lockfile: 
  No lockfile
